[1m@storybook/core v8.6.14
[22m
info => Cleaning outputDir: [36m../../../../../var/folders/h4/rp9pc79s0nv3cs_ktwxbtp3r0000gn/T/chromatic--52755-dFzX0x7GU1qv[39m
info => Loading presets
WARN Could not resolve addon "@storybook/addon-webpack5-compiler-swc", skipping. Is it installed?
WARN Could not resolve addon "@storybook/addon-webpack5-compiler-swc", skipping. Is it installed?
info => Building manager..
info => Manager built ([38;2;181;126;229m545 ms[39m)
info => Building preview..
WARN No story files found for the specified pattern: [34msrc/**/*.mdx[39m
[36mvite v6.3.5 [32mbuilding for production...[36m[39m
transforming...
info => Copying static files: [36mpublic[39m at [36m../../../../../var/folders/h4/rp9pc79s0nv3cs_ktwxbtp3r0000gn/T/chromatic--52755-dFzX0x7GU1qv[39m
[32m✓[39m 83 modules transformed.
rendering chunks...
[2m../../../../../var/folders/h4/rp9pc79s0nv3cs_ktwxbtp3r0000gn/T/chromatic--52755-dFzX0x7GU1qv/[22m[32miframe.html                           [39m[1m[2m 17.76 kB[22m[1m[22m
[2m../../../../../var/folders/h4/rp9pc79s0nv3cs_ktwxbtp3r0000gn/T/chromatic--52755-dFzX0x7GU1qv/[22m[2massets/[22m[35mpreview-D9dgMwxn.css           [39m[1m[2m 13.21 kB[22m[1m[22m
[2m../../../../../var/folders/h4/rp9pc79s0nv3cs_ktwxbtp3r0000gn/T/chromatic--52755-dFzX0x7GU1qv/[22m[2massets/[22m[36mpreview-BqTZaGhc.js            [39m[1m[2m  0.16 kB[22m[1m[22m
[2m../../../../../var/folders/h4/rp9pc79s0nv3cs_ktwxbtp3r0000gn/T/chromatic--52755-dFzX0x7GU1qv/[22m[2massets/[22m[36mpreview-TqM3Oi8H.js            [39m[1m[2m  0.17 kB[22m[1m[22m
[2m../../../../../var/folders/h4/rp9pc79s0nv3cs_ktwxbtp3r0000gn/T/chromatic--52755-dFzX0x7GU1qv/[22m[2massets/[22m[36mpreview-CWQm37fk.js            [39m[1m[2m  0.39 kB[22m[1m[22m
[2m../../../../../var/folders/h4/rp9pc79s0nv3cs_ktwxbtp3r0000gn/T/chromatic--52755-dFzX0x7GU1qv/[22m[2massets/[22m[36mpreview-DHQbi4pV.js            [39m[1m[2m  0.61 kB[22m[1m[22m
[2m../../../../../var/folders/h4/rp9pc79s0nv3cs_ktwxbtp3r0000gn/T/chromatic--52755-dFzX0x7GU1qv/[22m[2massets/[22m[36mpreview-caVMbCIR.js            [39m[1m[2m  0.69 kB[22m[1m[22m
[2m../../../../../var/folders/h4/rp9pc79s0nv3cs_ktwxbtp3r0000gn/T/chromatic--52755-dFzX0x7GU1qv/[22m[2massets/[22m[36mjsx-runtime-D_zvdyIk.js        [39m[1m[2m  0.73 kB[22m[1m[22m
[2m../../../../../var/folders/h4/rp9pc79s0nv3cs_ktwxbtp3r0000gn/T/chromatic--52755-dFzX0x7GU1qv/[22m[2massets/[22m[36mindex-DrFu-skq.js              [39m[1m[2m  0.77 kB[22m[1m[22m
[2m../../../../../var/folders/h4/rp9pc79s0nv3cs_ktwxbtp3r0000gn/T/chromatic--52755-dFzX0x7GU1qv/[22m[2massets/[22m[36mStateLine.stories-gKnKy7X8.js  [39m[1m[2m  1.05 kB[22m[1m[22m
[2m../../../../../var/folders/h4/rp9pc79s0nv3cs_ktwxbtp3r0000gn/T/chromatic--52755-dFzX0x7GU1qv/[22m[2massets/[22m[36mtest-utils--_O2wM1y.js         [39m[1m[2m  1.12 kB[22m[1m[22m
[2m../../../../../var/folders/h4/rp9pc79s0nv3cs_ktwxbtp3r0000gn/T/chromatic--52755-dFzX0x7GU1qv/[22m[2massets/[22m[36mpreview-WIE65ICp.js            [39m[1m[2m  3.40 kB[22m[1m[22m
[2m../../../../../var/folders/h4/rp9pc79s0nv3cs_ktwxbtp3r0000gn/T/chromatic--52755-dFzX0x7GU1qv/[22m[2massets/[22m[36mpreview-DGZ5Qq08.js            [39m[1m[2m  4.87 kB[22m[1m[22m
[2m../../../../../var/folders/h4/rp9pc79s0nv3cs_ktwxbtp3r0000gn/T/chromatic--52755-dFzX0x7GU1qv/[22m[2massets/[22m[36mpreview-BWzBA1C2.js            [39m[1m[2m  7.62 kB[22m[1m[22m
[2m../../../../../var/folders/h4/rp9pc79s0nv3cs_ktwxbtp3r0000gn/T/chromatic--52755-dFzX0x7GU1qv/[22m[2massets/[22m[36mpreview-DTyQTpzx.js            [39m[1m[2m  8.07 kB[22m[1m[22m
[2m../../../../../var/folders/h4/rp9pc79s0nv3cs_ktwxbtp3r0000gn/T/chromatic--52755-dFzX0x7GU1qv/[22m[2massets/[22m[36mindex-D4lIrffr.js              [39m[1m[2m  8.40 kB[22m[1m[22m
[2m../../../../../var/folders/h4/rp9pc79s0nv3cs_ktwxbtp3r0000gn/T/chromatic--52755-dFzX0x7GU1qv/[22m[2massets/[22m[36mentry-preview-qLNGCQlz.js      [39m[1m[2m 30.11 kB[22m[1m[22m
[2m../../../../../var/folders/h4/rp9pc79s0nv3cs_ktwxbtp3r0000gn/T/chromatic--52755-dFzX0x7GU1qv/[22m[2massets/[22m[36mreact-18-D6VH9-KZ.js           [39m[1m[2m178.40 kB[22m[1m[22m
[2m../../../../../var/folders/h4/rp9pc79s0nv3cs_ktwxbtp3r0000gn/T/chromatic--52755-dFzX0x7GU1qv/[22m[2massets/[22m[36miframe-DW1K4D0y.js             [39m[1m[2m208.26 kB[22m[1m[22m
[2m../../../../../var/folders/h4/rp9pc79s0nv3cs_ktwxbtp3r0000gn/T/chromatic--52755-dFzX0x7GU1qv/[22m[2massets/[22m[36mindex-BIB-w1Uo.js              [39m[1m[33m659.56 kB[39m[22m
[32m✓ built in 8.56s[39m
info => Preview built ([38;2;181;126;229m9.27 s[39m)
info => Output directory: /var/folders/h4/rp9pc79s0nv3cs_ktwxbtp3r0000gn/T/chromatic--52755-dFzX0x7GU1qv
